# JRE version: Java(TM) SE Runtime Environment (8.0_121-b13) (build 1.8.0_121-b13)
# Java VM: Java HotSpot(TM) Client VM (25.121-b13 mixed mode windows-x86 )
Heap:
 def new generation   total 4992K, used 3956K [0x04000000, 0x04560000, 0x09550000)
  eden space 4480K,  76% used [0x04000000, 0x0435d1e0, 0x04460000)
  from space 512K, 100% used [0x044e0000, 0x04560000, 0x04560000)
  to   space 512K,   0% used [0x04460000, 0x04460000, 0x044e0000)
 tenured generation   total 10944K, used 2614K [0x09550000, 0x0a000000, 0x14000000)
   the space 10944K,  23% used [0x09550000, 0x097ddb18, 0x097ddc00, 0x0a000000)
 Metaspace       used 6611K, capacity 6656K, committed 6656K, reserved 13696K
GC Heap History (10 events):
Event: 17.077 GC heap after
Heap after GC invocations=6 (full 0):
 def new generation   total 4928K, used 512K [0x04000000, 0x04550000, 0x09550000)
  eden space 4416K,   0% used [0x04000000, 0x04000000, 0x04450000)
  from space 512K, 100% used [0x04450000, 0x044d0000, 0x044d0000)
  to   space 512K,   0% used [0x044d0000, 0x044d0000, 0x04550000)
 tenured generation   total 10944K, used 2112K [0x09550000, 0x0a000000, 0x14000000)
   the space 10944K,  19% used [0x09550000, 0x09760178, 0x09760200, 0x0a000000)
 Metaspace       used 4969K, capacity 5017K, committed 5120K, reserved 5504K
}
Event: 17.228 GC heap before
{Heap before GC invocations=6 (full 0):
 def new generation   total 4928K, used 4928K [0x04000000, 0x04550000, 0x09550000)
  eden space 4416K, 100% used [0x04000000, 0x04450000, 0x04450000)
  from space 512K, 100% used [0x04450000, 0x044d0000, 0x044d0000)
  to   space 512K,   0% used [0x044d0000, 0x044d0000, 0x04550000)
 tenured generation   total 10944K, used 2112K [0x09550000, 0x0a000000, 0x14000000)
   the space 10944K,  19% used [0x09550000, 0x09760178, 0x09760200, 0x0a000000)
 Metaspace       used 5436K, capacity 5465K, committed 5504K, reserved 5504K
Event: 17.230 GC heap after
Heap after GC invocations=7 (full 0):
 def new generation   total 4928K, used 511K [0x04000000, 0x04550000, 0x09550000)
  eden space 4416K,   0% used [0x04000000, 0x04000000, 0x04450000)
  from space 512K,  99% used [0x044d0000, 0x0454fff8, 0x04550000)
  to   space 512K,   0% used [0x04450000, 0x04450000, 0x044d0000)
 tenured generation   total 10944K, used 2369K [0x09550000, 0x0a000000, 0x14000000)
   the space 10944K,  21% used [0x09550000, 0x097a0738, 0x097a0800, 0x0a000000)
 Metaspace       used 5436K, capacity 5465K, committed 5504K, reserved 5504K
}
Event: 17.239 GC heap before
{Heap before GC invocations=7 (full 0):
 def new generation   total 4928K, used 1193K [0x04000000, 0x04550000, 0x09550000)
  eden space 4416K,  15% used [0x04000000, 0x040aa4d0, 0x04450000)
  from space 512K,  99% used [0x044d0000, 0x0454fff8, 0x04550000)
  to   space 512K,   0% used [0x04450000, 0x04450000, 0x044d0000)
 tenured generation   total 10944K, used 2369K [0x09550000, 0x0a000000, 0x14000000)
   the space 10944K,  21% used [0x09550000, 0x097a0738, 0x097a0800, 0x0a000000)
 Metaspace       used 5489K, capacity 5497K, committed 5504K, reserved 7552K
Event: 17.245 GC heap after
Heap after GC invocations=8 (full 1):
 def new generation   total 4992K, used 0K [0x04000000, 0x04560000, 0x09550000)
  eden space 4480K,   0% used [0x04000000, 0x04000000, 0x04460000)
  from space 512K,   0% used [0x04460000, 0x04460000, 0x044e0000)
  to   space 512K,   0% used [0x044e0000, 0x044e0000, 0x04560000)
 tenured generation   total 10944K, used 2570K [0x09550000, 0x0a000000, 0x14000000)
   the space 10944K,  23% used [0x09550000, 0x097d2ac0, 0x097d2c00, 0x0a000000)
 Metaspace       used 5489K, capacity 5497K, committed 5504K, reserved 6528K
}
Event: 17.245 GC heap before
{Heap before GC invocations=8 (full 1):
 def new generation   total 4992K, used 0K [0x04000000, 0x04560000, 0x09550000)
  eden space 4480K,   0% used [0x04000000, 0x04000000, 0x04460000)
  from space 512K,   0% used [0x04460000, 0x04460000, 0x044e0000)
  to   space 512K,   0% used [0x044e0000, 0x044e0000, 0x04560000)
 tenured generation   total 10944K, used 2570K [0x09550000, 0x0a000000, 0x14000000)
   the space 10944K,  23% used [0x09550000, 0x097d2ac0, 0x097d2c00, 0x0a000000)
 Metaspace       used 5489K, capacity 5497K, committed 5504K, reserved 8576K
Event: 17.250 GC heap after
Heap after GC invocations=9 (full 2):
 def new generation   total 4992K, used 0K [0x04000000, 0x04560000, 0x09550000)
  eden space 4480K,   0% used [0x04000000, 0x04000000, 0x04460000)
  from space 512K,   0% used [0x04460000, 0x04460000, 0x044e0000)
  to   space 512K,   0% used [0x044e0000, 0x044e0000, 0x04560000)
 tenured generation   total 10944K, used 2570K [0x09550000, 0x0a000000, 0x14000000)
   the space 10944K,  23% used [0x09550000, 0x097d2ac0, 0x097d2c00, 0x0a000000)
 Metaspace       used 5487K, capacity 5495K, committed 5504K, reserved 6528K
}
Event: 17.436 GC heap before
{Heap before GC invocations=9 (full 2):
 def new generation   total 4992K, used 4480K [0x04000000, 0x04560000, 0x09550000)
  eden space 4480K, 100% used [0x04000000, 0x04460000, 0x04460000)
  from space 512K,   0% used [0x04460000, 0x04460000, 0x044e0000)
  to   space 512K,   0% used [0x044e0000, 0x044e0000, 0x04560000)
 tenured generation   total 10944K, used 2570K [0x09550000, 0x0a000000, 0x14000000)
   the space 10944K,  23% used [0x09550000, 0x097d2ac0, 0x097d2c00, 0x0a000000)
 Metaspace       used 5800K, capacity 5847K, committed 5888K, reserved 7552K
Event: 17.438 GC heap after
Heap after GC invocations=10 (full 2):
 def new generation   total 4992K, used 512K [0x04000000, 0x04560000, 0x09550000)
  eden space 4480K,   0% used [0x04000000, 0x04000000, 0x04460000)
  from space 512K, 100% used [0x044e0000, 0x04560000, 0x04560000)
  to   space 512K,   0% used [0x04460000, 0x04460000, 0x044e0000)
 tenured generation   total 10944K, used 2614K [0x09550000, 0x0a000000, 0x14000000)
   the space 10944K,  23% used [0x09550000, 0x097ddb18, 0x097ddc00, 0x0a000000)
 Metaspace       used 5800K, capacity 5847K, committed 5888K, reserved 7552K
}
Event: 17.717 GC heap before
{Heap before GC invocations=10 (full 2):
 def new generation   total 4992K, used 3956K [0x04000000, 0x04560000, 0x09550000)
  eden space 4480K,  76% used [0x04000000, 0x0435d1e0, 0x04460000)
  from space 512K, 100% used [0x044e0000, 0x04560000, 0x04560000)
  to   space 512K,   0% used [0x04460000, 0x04460000, 0x044e0000)
 tenured generation   total 10944K, used 2614K [0x09550000, 0x0a000000, 0x14000000)
   the space 10944K,  23% used [0x09550000, 0x097ddb18, 0x097ddc00, 0x0a000000)
 Metaspace       used 6611K, capacity 6656K, committed 6656K, reserved 13696K

